CRITICAL - 2022-06-14 13:13:07 --> Class "Codeigniter\Model" not found
in APPPATH\Models\UsersModel.php on line 6.
 1 SYSTEMPATH\Autoloader\Autoloader.php(284): include_once()
 2 SYSTEMPATH\Autoloader\Autoloader.php(261): CodeIgniter\Autoloader\Autoloader->includeFile('APPPATH\\Models\\UsersModel.php')
 3 SYSTEMPATH\Autoloader\Autoloader.php(239): CodeIgniter\Autoloader\Autoloader->loadInNamespace('App\\Models\\UsersModel')
 4 APPPATH\Controllers\Dashboard.php(10): CodeIgniter\Autoloader\Autoloader->loadClass('App\\Models\\UsersModel')
 5 SYSTEMPATH\CodeIgniter.php(898): App\Controllers\Dashboard->index()
 6 SYSTEMPATH\CodeIgniter.php(468): CodeIgniter\CodeIgniter->runController(Object(App\Controllers\Dashboard))
 7 SYSTEMPATH\CodeIgniter.php(351): CodeIgniter\CodeIgniter->handleRequest(null, Object(Config\Cache), false)
 8 FCPATH\index.php(55): CodeIgniter\CodeIgniter->run()
CRITICAL - 2022-06-14 13:14:29 --> Class "Codeigniter\Model" not found
in APPPATH\Models\UsersModel.php on line 6.
 1 SYSTEMPATH\Autoloader\Autoloader.php(284): include_once()
 2 SYSTEMPATH\Autoloader\Autoloader.php(261): CodeIgniter\Autoloader\Autoloader->includeFile('APPPATH\\Models\\UsersModel.php')
 3 SYSTEMPATH\Autoloader\Autoloader.php(239): CodeIgniter\Autoloader\Autoloader->loadInNamespace('App\\Models\\UsersModel')
 4 APPPATH\Controllers\Dashboard.php(10): CodeIgniter\Autoloader\Autoloader->loadClass('App\\Models\\UsersModel')
 5 SYSTEMPATH\CodeIgniter.php(898): App\Controllers\Dashboard->index()
 6 SYSTEMPATH\CodeIgniter.php(468): CodeIgniter\CodeIgniter->runController(Object(App\Controllers\Dashboard))
 7 SYSTEMPATH\CodeIgniter.php(351): CodeIgniter\CodeIgniter->handleRequest(null, Object(Config\Cache), false)
 8 FCPATH\index.php(55): CodeIgniter\CodeIgniter->run()
CRITICAL - 2022-06-14 13:16:04 --> Class "Codeigniter\Model" not found
in APPPATH\Models\UsersModel.php on line 6.
 1 SYSTEMPATH\Autoloader\Autoloader.php(284): include_once()
 2 SYSTEMPATH\Autoloader\Autoloader.php(261): CodeIgniter\Autoloader\Autoloader->includeFile('APPPATH\\Models\\UsersModel.php')
 3 SYSTEMPATH\Autoloader\Autoloader.php(239): CodeIgniter\Autoloader\Autoloader->loadInNamespace('App\\Models\\UsersModel')
 4 APPPATH\Controllers\Dashboard.php(10): CodeIgniter\Autoloader\Autoloader->loadClass('App\\Models\\UsersModel')
 5 SYSTEMPATH\CodeIgniter.php(898): App\Controllers\Dashboard->index()
 6 SYSTEMPATH\CodeIgniter.php(468): CodeIgniter\CodeIgniter->runController(Object(App\Controllers\Dashboard))
 7 SYSTEMPATH\CodeIgniter.php(351): CodeIgniter\CodeIgniter->handleRequest(null, Object(Config\Cache), false)
 8 FCPATH\index.php(55): CodeIgniter\CodeIgniter->run()
CRITICAL - 2022-06-14 13:16:08 --> Class "Codeigniter\Model" not found
in APPPATH\Models\UsersModel.php on line 6.
 1 SYSTEMPATH\Autoloader\Autoloader.php(284): include_once()
 2 SYSTEMPATH\Autoloader\Autoloader.php(261): CodeIgniter\Autoloader\Autoloader->includeFile('APPPATH\\Models\\UsersModel.php')
 3 SYSTEMPATH\Autoloader\Autoloader.php(239): CodeIgniter\Autoloader\Autoloader->loadInNamespace('App\\Models\\UsersModel')
 4 APPPATH\Controllers\Dashboard.php(10): CodeIgniter\Autoloader\Autoloader->loadClass('App\\Models\\UsersModel')
 5 SYSTEMPATH\CodeIgniter.php(898): App\Controllers\Dashboard->index()
 6 SYSTEMPATH\CodeIgniter.php(468): CodeIgniter\CodeIgniter->runController(Object(App\Controllers\Dashboard))
 7 SYSTEMPATH\CodeIgniter.php(351): CodeIgniter\CodeIgniter->handleRequest(null, Object(Config\Cache), false)
 8 FCPATH\index.php(55): CodeIgniter\CodeIgniter->run()
CRITICAL - 2022-06-14 13:26:13 --> Class "Codeigniter\Model" not found
in APPPATH\Models\UsersModel.php on line 6.
 1 SYSTEMPATH\Autoloader\Autoloader.php(284): include_once()
 2 SYSTEMPATH\Autoloader\Autoloader.php(261): CodeIgniter\Autoloader\Autoloader->includeFile('APPPATH\\Models\\UsersModel.php')
 3 SYSTEMPATH\Autoloader\Autoloader.php(239): CodeIgniter\Autoloader\Autoloader->loadInNamespace('App\\Models\\UsersModel')
 4 APPPATH\Controllers\Dashboard.php(10): CodeIgniter\Autoloader\Autoloader->loadClass('App\\Models\\UsersModel')
 5 SYSTEMPATH\CodeIgniter.php(898): App\Controllers\Dashboard->index()
 6 SYSTEMPATH\CodeIgniter.php(468): CodeIgniter\CodeIgniter->runController(Object(App\Controllers\Dashboard))
 7 SYSTEMPATH\CodeIgniter.php(351): CodeIgniter\CodeIgniter->handleRequest(null, Object(Config\Cache), false)
 8 FCPATH\index.php(55): CodeIgniter\CodeIgniter->run()
CRITICAL - 2022-06-14 13:26:29 --> Class "App\Models\Models" not found
in APPPATH\Models\UsersModel.php on line 6.
 1 SYSTEMPATH\Autoloader\Autoloader.php(284): include_once()
 2 SYSTEMPATH\Autoloader\Autoloader.php(261): CodeIgniter\Autoloader\Autoloader->includeFile('APPPATH\\Models\\UsersModel.php')
 3 SYSTEMPATH\Autoloader\Autoloader.php(239): CodeIgniter\Autoloader\Autoloader->loadInNamespace('App\\Models\\UsersModel')
 4 APPPATH\Controllers\Dashboard.php(10): CodeIgniter\Autoloader\Autoloader->loadClass('App\\Models\\UsersModel')
 5 SYSTEMPATH\CodeIgniter.php(898): App\Controllers\Dashboard->index()
 6 SYSTEMPATH\CodeIgniter.php(468): CodeIgniter\CodeIgniter->runController(Object(App\Controllers\Dashboard))
 7 SYSTEMPATH\CodeIgniter.php(351): CodeIgniter\CodeIgniter->handleRequest(null, Object(Config\Cache), false)
 8 FCPATH\index.php(55): CodeIgniter\CodeIgniter->run()
CRITICAL - 2022-06-14 13:28:10 --> Class "Codeigniter\Model" not found
in APPPATH\Models\UsersModel.php on line 6.
 1 SYSTEMPATH\Autoloader\Autoloader.php(284): include_once()
 2 SYSTEMPATH\Autoloader\Autoloader.php(261): CodeIgniter\Autoloader\Autoloader->includeFile('APPPATH\\Models\\UsersModel.php')
 3 SYSTEMPATH\Autoloader\Autoloader.php(239): CodeIgniter\Autoloader\Autoloader->loadInNamespace('App\\Models\\UsersModel')
 4 APPPATH\Controllers\Dashboard.php(10): CodeIgniter\Autoloader\Autoloader->loadClass('App\\Models\\UsersModel')
 5 SYSTEMPATH\CodeIgniter.php(898): App\Controllers\Dashboard->index()
 6 SYSTEMPATH\CodeIgniter.php(468): CodeIgniter\CodeIgniter->runController(Object(App\Controllers\Dashboard))
 7 SYSTEMPATH\CodeIgniter.php(351): CodeIgniter\CodeIgniter->handleRequest(null, Object(Config\Cache), false)
 8 FCPATH\index.php(55): CodeIgniter\CodeIgniter->run()
